{"/Users/mavericks/repos/capstone02/src/modules/add-elem.js": {"path":"/Users/mavericks/repos/capstone02/src/modules/add-elem.js","statementMap":{"0":{"start":{"line":3,"column":16},"end":{"line":11,"column":1}},"1":{"start":{"line":4,"column":22},"end":{"line":4,"column":50}},"2":{"start":{"line":5,"column":2},"end":{"line":7,"column":3}},"3":{"start":{"line":6,"column":4},"end":{"line":6,"column":59}},"4":{"start":{"line":6,"column":28},"end":{"line":6,"column":57}},"5":{"start":{"line":8,"column":2},"end":{"line":8,"column":34}},"6":{"start":{"line":10,"column":2},"end":{"line":10,"column":21}}},"fnMap":{"0":{"name":"(anonymous_0)","decl":{"start":{"line":3,"column":16},"end":{"line":3,"column":17}},"loc":{"start":{"line":3,"column":43},"end":{"line":11,"column":1}},"line":3},"1":{"name":"(anonymous_1)","decl":{"start":{"line":6,"column":20},"end":{"line":6,"column":21}},"loc":{"start":{"line":6,"column":28},"end":{"line":6,"column":57}},"line":6}},"branchMap":{"0":{"loc":{"start":{"line":5,"column":2},"end":{"line":7,"column":3}},"type":"if","locations":[{"start":{"line":5,"column":2},"end":{"line":7,"column":3}},{"start":{},"end":{}}],"line":5}},"s":{"0":1,"1":4,"2":4,"3":4,"4":4,"5":4,"6":4},"f":{"0":4,"1":4},"b":{"0":[4,0]},"_coverageSchema":"1a1c01bbd47fc00a2c39e90264f33305004495a9","hash":"f2edcf41e8df3c64fd80b3c28f0c0e515947b2e6"}
,"/Users/mavericks/repos/capstone02/src/modules/involvement.js": {"path":"/Users/mavericks/repos/capstone02/src/modules/involvement.js","statementMap":{"0":{"start":{"line":1,"column":12},"end":{"line":1,"column":86}},"1":{"start":{"line":2,"column":14},"end":{"line":2,"column":36}},"2":{"start":{"line":4,"column":17},"end":{"line":14,"column":1}},"3":{"start":{"line":5,"column":19},"end":{"line":11,"column":4}},"4":{"start":{"line":12,"column":15},"end":{"line":12,"column":36}},"5":{"start":{"line":13,"column":2},"end":{"line":13,"column":14}},"6":{"start":{"line":16,"column":17},"end":{"line":20,"column":1}},"7":{"start":{"line":17,"column":19},"end":{"line":17,"column":54}},"8":{"start":{"line":18,"column":16},"end":{"line":18,"column":37}},"9":{"start":{"line":19,"column":2},"end":{"line":19,"column":15}},"10":{"start":{"line":22,"column":20},"end":{"line":36,"column":1}},"11":{"start":{"line":23,"column":19},"end":{"line":33,"column":4}},"12":{"start":{"line":34,"column":15},"end":{"line":34,"column":36}},"13":{"start":{"line":35,"column":2},"end":{"line":35,"column":14}},"14":{"start":{"line":38,"column":20},"end":{"line":42,"column":1}},"15":{"start":{"line":39,"column":19},"end":{"line":39,"column":72}},"16":{"start":{"line":40,"column":19},"end":{"line":40,"column":40}},"17":{"start":{"line":41,"column":2},"end":{"line":41,"column":18}}},"fnMap":{"0":{"name":"(anonymous_0)","decl":{"start":{"line":4,"column":17},"end":{"line":4,"column":18}},"loc":{"start":{"line":4,"column":35},"end":{"line":14,"column":1}},"line":4},"1":{"name":"(anonymous_1)","decl":{"start":{"line":16,"column":17},"end":{"line":16,"column":18}},"loc":{"start":{"line":16,"column":29},"end":{"line":20,"column":1}},"line":16},"2":{"name":"(anonymous_2)","decl":{"start":{"line":22,"column":20},"end":{"line":22,"column":21}},"loc":{"start":{"line":22,"column":52},"end":{"line":36,"column":1}},"line":22},"3":{"name":"(anonymous_3)","decl":{"start":{"line":38,"column":20},"end":{"line":38,"column":21}},"loc":{"start":{"line":38,"column":35},"end":{"line":42,"column":1}},"line":38}},"branchMap":{},"s":{"0":1,"1":1,"2":1,"3":0,"4":0,"5":0,"6":1,"7":0,"8":0,"9":0,"10":1,"11":0,"12":0,"13":0,"14":1,"15":0,"16":0,"17":0},"f":{"0":0,"1":0,"2":0,"3":0},"b":{},"_coverageSchema":"1a1c01bbd47fc00a2c39e90264f33305004495a9","hash":"d4f77976fa435cb974457dc8e19aff52b7e54e3d"}
,"/Users/mavericks/repos/capstone02/src/modules/popup.js": {"path":"/Users/mavericks/repos/capstone02/src/modules/popup.js","statementMap":{"0":{"start":{"line":4,"column":20},"end":{"line":12,"column":1}},"1":{"start":{"line":5,"column":25},"end":{"line":5,"column":70}},"2":{"start":{"line":7,"column":2},"end":{"line":11,"column":3}},"3":{"start":{"line":8,"column":4},"end":{"line":10,"column":7}},"4":{"start":{"line":9,"column":6},"end":{"line":9,"column":17}},"5":{"start":{"line":14,"column":23},"end":{"line":66,"column":1}},"6":{"start":{"line":15,"column":17},"end":{"line":15,"column":39}},"7":{"start":{"line":16,"column":2},"end":{"line":16,"column":53}},"8":{"start":{"line":19,"column":21},"end":{"line":19,"column":50}},"9":{"start":{"line":20,"column":2},"end":{"line":36,"column":12}},"10":{"start":{"line":38,"column":2},"end":{"line":38,"column":28}},"11":{"start":{"line":39,"column":2},"end":{"line":39,"column":37}},"12":{"start":{"line":42,"column":22},"end":{"line":42,"column":61}},"13":{"start":{"line":43,"column":2},"end":{"line":52,"column":3}},"14":{"start":{"line":44,"column":4},"end":{"line":51,"column":7}},"15":{"start":{"line":45,"column":6},"end":{"line":50,"column":16}},"16":{"start":{"line":55,"column":15},"end":{"line":55,"column":58}},"17":{"start":{"line":56,"column":20},"end":{"line":56,"column":61}},"18":{"start":{"line":57,"column":23},"end":{"line":57,"column":67}},"19":{"start":{"line":59,"column":2},"end":{"line":65,"column":4}},"20":{"start":{"line":60,"column":4},"end":{"line":60,"column":23}},"21":{"start":{"line":61,"column":4},"end":{"line":61,"column":58}},"22":{"start":{"line":63,"column":4},"end":{"line":63,"column":17}},"23":{"start":{"line":64,"column":4},"end":{"line":64,"column":60}},"24":{"start":{"line":64,"column":21},"end":{"line":64,"column":52}},"25":{"start":{"line":68,"column":18},"end":{"line":120,"column":1}},"26":{"start":{"line":70,"column":2},"end":{"line":70,"column":16}},"27":{"start":{"line":72,"column":15},"end":{"line":72,"column":51}},"28":{"start":{"line":75,"column":15},"end":{"line":75,"column":45}},"29":{"start":{"line":76,"column":25},"end":{"line":76,"column":66}},"30":{"start":{"line":77,"column":2},"end":{"line":77,"column":41}},"31":{"start":{"line":79,"column":2},"end":{"line":99,"column":44}},"32":{"start":{"line":102,"column":17},"end":{"line":102,"column":50}},"33":{"start":{"line":103,"column":2},"end":{"line":105,"column":5}},"34":{"start":{"line":104,"column":4},"end":{"line":104,"column":64}},"35":{"start":{"line":108,"column":28},"end":{"line":108,"column":73}},"36":{"start":{"line":109,"column":2},"end":{"line":109,"column":50}},"37":{"start":{"line":112,"column":30},"end":{"line":112,"column":78}},"38":{"start":{"line":113,"column":21},"end":{"line":113,"column":76}},"39":{"start":{"line":114,"column":20},"end":{"line":114,"column":82}},"40":{"start":{"line":115,"column":2},"end":{"line":115,"column":34}},"41":{"start":{"line":117,"column":2},"end":{"line":119,"column":4}},"42":{"start":{"line":118,"column":4},"end":{"line":118,"column":28}},"43":{"start":{"line":122,"column":26},"end":{"line":164,"column":1}},"44":{"start":{"line":124,"column":2},"end":{"line":124,"column":16}},"45":{"start":{"line":126,"column":15},"end":{"line":126,"column":51}},"46":{"start":{"line":129,"column":15},"end":{"line":129,"column":45}},"47":{"start":{"line":130,"column":25},"end":{"line":130,"column":66}},"48":{"start":{"line":131,"column":2},"end":{"line":131,"column":41}},"49":{"start":{"line":133,"column":2},"end":{"line":149,"column":44}},"50":{"start":{"line":152,"column":28},"end":{"line":152,"column":73}},"51":{"start":{"line":153,"column":2},"end":{"line":153,"column":50}},"52":{"start":{"line":156,"column":30},"end":{"line":156,"column":78}},"53":{"start":{"line":157,"column":21},"end":{"line":157,"column":76}},"54":{"start":{"line":158,"column":20},"end":{"line":158,"column":82}},"55":{"start":{"line":159,"column":2},"end":{"line":159,"column":34}},"56":{"start":{"line":161,"column":2},"end":{"line":163,"column":4}},"57":{"start":{"line":162,"column":4},"end":{"line":162,"column":28}}},"fnMap":{"0":{"name":"(anonymous_0)","decl":{"start":{"line":4,"column":20},"end":{"line":4,"column":21}},"loc":{"start":{"line":4,"column":26},"end":{"line":12,"column":1}},"line":4},"1":{"name":"(anonymous_1)","decl":{"start":{"line":8,"column":27},"end":{"line":8,"column":28}},"loc":{"start":{"line":8,"column":34},"end":{"line":10,"column":5}},"line":8},"2":{"name":"(anonymous_2)","decl":{"start":{"line":14,"column":23},"end":{"line":14,"column":24}},"loc":{"start":{"line":14,"column":50},"end":{"line":66,"column":1}},"line":14},"3":{"name":"(anonymous_3)","decl":{"start":{"line":44,"column":21},"end":{"line":44,"column":22}},"loc":{"start":{"line":44,"column":34},"end":{"line":51,"column":5}},"line":44},"4":{"name":"(anonymous_4)","decl":{"start":{"line":59,"column":18},"end":{"line":59,"column":19}},"loc":{"start":{"line":59,"column":25},"end":{"line":65,"column":3}},"line":59},"5":{"name":"(anonymous_5)","decl":{"start":{"line":64,"column":15},"end":{"line":64,"column":16}},"loc":{"start":{"line":64,"column":21},"end":{"line":64,"column":52}},"line":64},"6":{"name":"(anonymous_6)","decl":{"start":{"line":68,"column":18},"end":{"line":68,"column":19}},"loc":{"start":{"line":68,"column":43},"end":{"line":120,"column":1}},"line":68},"7":{"name":"(anonymous_7)","decl":{"start":{"line":103,"column":27},"end":{"line":103,"column":28}},"loc":{"start":{"line":103,"column":38},"end":{"line":105,"column":3}},"line":103},"8":{"name":"(anonymous_8)","decl":{"start":{"line":117,"column":23},"end":{"line":117,"column":24}},"loc":{"start":{"line":117,"column":29},"end":{"line":119,"column":3}},"line":117},"9":{"name":"(anonymous_9)","decl":{"start":{"line":122,"column":26},"end":{"line":122,"column":27}},"loc":{"start":{"line":122,"column":51},"end":{"line":164,"column":1}},"line":122},"10":{"name":"(anonymous_10)","decl":{"start":{"line":161,"column":23},"end":{"line":161,"column":24}},"loc":{"start":{"line":161,"column":29},"end":{"line":163,"column":3}},"line":161}},"branchMap":{"0":{"loc":{"start":{"line":7,"column":2},"end":{"line":11,"column":3}},"type":"if","locations":[{"start":{"line":7,"column":2},"end":{"line":11,"column":3}},{"start":{},"end":{}}],"line":7},"1":{"loc":{"start":{"line":16,"column":13},"end":{"line":16,"column":52}},"type":"cond-expr","locations":[{"start":{"line":16,"column":39},"end":{"line":16,"column":47}},{"start":{"line":16,"column":50},"end":{"line":16,"column":52}}],"line":16},"2":{"loc":{"start":{"line":43,"column":2},"end":{"line":52,"column":3}},"type":"if","locations":[{"start":{"line":43,"column":2},"end":{"line":52,"column":3}},{"start":{},"end":{}}],"line":43}},"s":{"0":1,"1":1,"2":1,"3":1,"4":0,"5":1,"6":1,"7":1,"8":1,"9":1,"10":1,"11":1,"12":1,"13":1,"14":1,"15":0,"16":1,"17":1,"18":1,"19":1,"20":0,"21":0,"22":0,"23":0,"24":0,"25":1,"26":1,"27":1,"28":1,"29":1,"30":1,"31":1,"32":1,"33":1,"34":3,"35":1,"36":1,"37":1,"38":1,"39":1,"40":1,"41":1,"42":0,"43":1,"44":0,"45":0,"46":0,"47":0,"48":0,"49":0,"50":0,"51":0,"52":0,"53":0,"54":0,"55":0,"56":0,"57":0},"f":{"0":1,"1":0,"2":1,"3":0,"4":0,"5":0,"6":1,"7":3,"8":0,"9":0,"10":0},"b":{"0":[1,0],"1":[0,1],"2":[1,0]},"_coverageSchema":"1a1c01bbd47fc00a2c39e90264f33305004495a9","hash":"9bd736c55c15d3c4a189fb084ce71afae402b4fd"}
,"/Users/mavericks/repos/capstone02/test/countFunction.js": {"path":"/Users/mavericks/repos/capstone02/test/countFunction.js","statementMap":{"0":{"start":{"line":1,"column":17},"end":{"line":7,"column":1}},"1":{"start":{"line":2,"column":16},"end":{"line":2,"column":18}},"2":{"start":{"line":3,"column":2},"end":{"line":5,"column":3}},"3":{"start":{"line":3,"column":15},"end":{"line":3,"column":16}},"4":{"start":{"line":4,"column":4},"end":{"line":4,"column":30}},"5":{"start":{"line":6,"column":2},"end":{"line":6,"column":22}}},"fnMap":{"0":{"name":"(anonymous_0)","decl":{"start":{"line":1,"column":17},"end":{"line":1,"column":18}},"loc":{"start":{"line":1,"column":33},"end":{"line":7,"column":1}},"line":1}},"branchMap":{},"s":{"0":1,"1":2,"2":2,"3":2,"4":14,"5":2},"f":{"0":2},"b":{},"_coverageSchema":"1a1c01bbd47fc00a2c39e90264f33305004495a9","hash":"b988fb9d5290ccddc0568f5b015f0c1f3d41b2cb"}
}
