TN:
SF:src/modules/add-elem.js
FN:3,(anonymous_0)
FN:6,(anonymous_1)
FNF:2
FNH:2
FNDA:4,(anonymous_0)
FNDA:4,(anonymous_1)
DA:3,1
DA:4,4
DA:5,4
DA:6,4
DA:8,4
DA:10,4
LF:6
LH:6
BRDA:5,0,0,4
BRDA:5,0,1,0
BRF:2
BRH:1
end_of_record
TN:
SF:src/modules/involvement.js
FN:4,(anonymous_0)
FN:16,(anonymous_1)
FN:22,(anonymous_2)
FN:38,(anonymous_3)
FNF:4
FNH:0
FNDA:0,(anonymous_0)
FNDA:0,(anonymous_1)
FNDA:0,(anonymous_2)
FNDA:0,(anonymous_3)
DA:1,1
DA:2,1
DA:4,1
DA:5,0
DA:12,0
DA:13,0
DA:16,1
DA:17,0
DA:18,0
DA:19,0
DA:22,1
DA:23,0
DA:34,0
DA:35,0
DA:38,1
DA:39,0
DA:40,0
DA:41,0
LF:18
LH:6
BRF:0
BRH:0
end_of_record
TN:
SF:src/modules/popup.js
FN:4,(anonymous_0)
FN:8,(anonymous_1)
FN:14,(anonymous_2)
FN:44,(anonymous_3)
FN:59,(anonymous_4)
FN:64,(anonymous_5)
FN:68,(anonymous_6)
FN:103,(anonymous_7)
FN:117,(anonymous_8)
FN:122,(anonymous_9)
FN:161,(anonymous_10)
FNF:11
FNH:4
FNDA:1,(anonymous_0)
FNDA:0,(anonymous_1)
FNDA:1,(anonymous_2)
FNDA:0,(anonymous_3)
FNDA:0,(anonymous_4)
FNDA:0,(anonymous_5)
FNDA:1,(anonymous_6)
FNDA:3,(anonymous_7)
FNDA:0,(anonymous_8)
FNDA:0,(anonymous_9)
FNDA:0,(anonymous_10)
DA:4,1
DA:5,1
DA:7,1
DA:8,1
DA:9,0
DA:14,1
DA:15,1
DA:16,1
DA:19,1
DA:20,1
DA:38,1
DA:39,1
DA:42,1
DA:43,1
DA:44,1
DA:45,0
DA:55,1
DA:56,1
DA:57,1
DA:59,1
DA:60,0
DA:61,0
DA:63,0
DA:64,0
DA:68,1
DA:70,1
DA:72,1
DA:75,1
DA:76,1
DA:77,1
DA:79,1
DA:102,1
DA:103,1
DA:104,3
DA:108,1
DA:109,1
DA:112,1
DA:113,1
DA:114,1
DA:115,1
DA:117,1
DA:118,0
DA:122,1
DA:124,0
DA:126,0
DA:129,0
DA:130,0
DA:131,0
DA:133,0
DA:152,0
DA:153,0
DA:156,0
DA:157,0
DA:158,0
DA:159,0
DA:161,0
DA:162,0
LF:57
LH:36
BRDA:7,0,0,1
BRDA:7,0,1,0
BRDA:16,1,0,0
BRDA:16,1,1,1
BRDA:43,2,0,1
BRDA:43,2,1,0
BRF:6
BRH:3
end_of_record
TN:
SF:test/countFunction.js
FN:1,(anonymous_0)
FNF:1
FNH:1
FNDA:2,(anonymous_0)
DA:1,1
DA:2,2
DA:3,2
DA:4,14
DA:6,2
LF:5
LH:5
BRF:0
BRH:0
end_of_record
